<?xml version="1.0" encoding="UTF-8"?>
<!-- Generated by org.testng.reporters.JUnitReportReporter -->
<testsuite hostname="MSI" failures="2" tests="2" name="runners.TestRunner" time="1.876" errors="0" timestamp="2025-01-02T15:38:54 IST" skipped="0">
  <testcase classname="runners.TestRunner" name="runScenario" time="0.109">
    <failure message="Expected message not found expected [true] but found [false]" type="java.lang.AssertionError">
      <![CDATA[java.lang.AssertionError: Expected message not found expected [true] but found [false]
at org.testng.Assert.fail(Assert.java:111)
at org.testng.Assert.failNotEquals(Assert.java:1578)
at org.testng.Assert.assertTrue(Assert.java:57)
at stepDefinitions.BookApiSteps.theResponseBodyShouldContain(BookApiSteps.java:62)
at ✽.the response body should contain "title is required"(file:///C:/Users/shakthi/eclipse-workspace/BDDFramework_BackEnd/src/test/resources/features/createBook.feature:18)
]]>
    </failure>
  </testcase> <!-- runScenario -->
  <testcase classname="runners.TestRunner" name="runScenario" time="1.767">
    <failure message="Unexpected status code expected [201] but found [400]" type="java.lang.AssertionError">
      <![CDATA[java.lang.AssertionError: Unexpected status code expected [201] but found [400]
at org.testng.Assert.fail(Assert.java:111)
at org.testng.Assert.failNotEquals(Assert.java:1578)
at org.testng.Assert.assertEqualsImpl(Assert.java:150)
at org.testng.Assert.assertEquals(Assert.java:132)
at org.testng.Assert.assertEquals(Assert.java:1419)
at org.testng.Assert.assertEquals(Assert.java:1383)
at stepDefinitions.BookApiSteps.iShouldReceiveAResponseWithStatusCode(BookApiSteps.java:44)
at ✽.I should receive a response with status code 201(file:///C:/Users/shakthi/eclipse-workspace/BDDFramework_BackEnd/src/test/resources/features/createBook.feature:8)
]]>
    </failure>
  </testcase> <!-- runScenario -->
</testsuite> <!-- runners.TestRunner -->
